<?xml version="1.0" encoding="UTF-8"?>
<!-- Generated by org.testng.reporters.JUnitReportReporter -->
<testsuite hostname="SCHATRADI-3W10" failures="0" tests="1" name="EmailTest.testEmail" time="0.607" errors="0" timestamp="2022-04-05T11:04:31 EDT" skipped="0">
  <testcase classname="EmailTest.testEmail" name="userLogin" time="0.607"/>
  <system-out/>
</testsuite> <!-- EmailTest.testEmail -->
